<?xml version="1.0" encoding="UTF-8"?>
<testsuite xmlns:xsi="http://www.w3.org/2001/XMLSchema-instance" xsi:noNamespaceSchemaLocation="https://maven.apache.org/surefire/maven-surefire-plugin/xsd/surefire-test-report-3.0.xsd" version="3.0" name="TestRunner.Run" time="44.277" tests="0" errors="0" skipped="0" failures="0">
  <properties>
    <property name="java.specification.version" value="17"/>
    <property name="webdriver.chrome.driver" value="C:\WINDOWS\system32\config\systemprofile\.cache\selenium\chromedriver\win64\122.0.6261.128\chromedriver.exe"/>
    <property name="sun.cpu.isalist" value="amd64"/>
    <property name="sun.jnu.encoding" value="Cp1252"/>
    <property name="java.class.path" value="D:\ak\CucumberFramework\target\test-classes;D:\ak\CucumberFramework\target\classes;C:\WINDOWS\system32\config\systemprofile\.m2\repository\junit\junit\4.13.2\junit-4.13.2.jar;C:\WINDOWS\system32\config\systemprofile\.m2\repository\io\cucumber\cucumber-html\0.2.7\cucumber-html-0.2.7.jar;C:\WINDOWS\system32\config\systemprofile\.m2\repository\net\sourceforge\cobertura\cobertura\2.1.1\cobertura-2.1.1.jar;C:\WINDOWS\system32\config\systemprofile\.m2\repository\org\ow2\asm\asm\5.0.1\asm-5.0.1.jar;C:\WINDOWS\system32\config\systemprofile\.m2\repository\org\ow2\asm\asm-tree\5.0.1\asm-tree-5.0.1.jar;C:\WINDOWS\system32\config\systemprofile\.m2\repository\org\ow2\asm\asm-commons\5.0.1\asm-commons-5.0.1.jar;C:\WINDOWS\system32\config\systemprofile\.m2\repository\org\ow2\asm\asm-util\5.0.1\asm-util-5.0.1.jar;C:\WINDOWS\system32\config\systemprofile\.m2\repository\org\ow2\asm\asm-analysis\5.0.1\asm-analysis-5.0.1.jar;C:\WINDOWS\system32\config\systemprofile\.m2\repository\oro\oro\2.0.8\oro-2.0.8.jar;C:\WINDOWS\system32\config\systemprofile\.m2\repository\jaxen\jaxen\1.1.4\jaxen-1.1.4.jar;C:\WINDOWS\system32\config\systemprofile\.m2\repository\org\apache\ant\ant\1.8.3\ant-1.8.3.jar;C:\WINDOWS\system32\config\systemprofile\.m2\repository\org\apache\ant\ant-launcher\1.8.3\ant-launcher-1.8.3.jar;C:\WINDOWS\system32\config\systemprofile\.m2\repository\org\apache\ant\ant-junit\1.8.3\ant-junit-1.8.3.jar;C:\WINDOWS\system32\config\systemprofile\.m2\repository\org\mortbay\jetty\servlet-api-2.5\6.1.14\servlet-api-2.5-6.1.14.jar;C:\WINDOWS\system32\config\systemprofile\.m2\repository\org\mortbay\jetty\jetty\6.1.14\jetty-6.1.14.jar;C:\WINDOWS\system32\config\systemprofile\.m2\repository\org\mortbay\jetty\jetty-util\6.1.14\jetty-util-6.1.14.jar;C:\WINDOWS\system32\config\systemprofile\.m2\repository\org\slf4j\slf4j-api\1.7.5\slf4j-api-1.7.5.jar;C:\WINDOWS\system32\config\systemprofile\.m2\repository\ch\qos\logback\logback-classic\1.0.13\logback-classic-1.0.13.jar;C:\WINDOWS\system32\config\systemprofile\.m2\repository\ch\qos\logback\logback-core\1.0.13\logback-core-1.0.13.jar;C:\WINDOWS\system32\config\systemprofile\.m2\repository\org\apache\commons\commons-lang3\3.3.2\commons-lang3-3.3.2.jar;C:\WINDOWS\system32\config\systemprofile\.m2\repository\io\cucumber\cucumber-java\7.3.4\cucumber-java-7.3.4.jar;C:\WINDOWS\system32\config\systemprofile\.m2\repository\io\cucumber\cucumber-core\7.3.4\cucumber-core-7.3.4.jar;C:\WINDOWS\system32\config\systemprofile\.m2\repository\io\cucumber\cucumber-gherkin\7.3.4\cucumber-gherkin-7.3.4.jar;C:\WINDOWS\system32\config\systemprofile\.m2\repository\io\cucumber\cucumber-gherkin-messages\7.3.4\cucumber-gherkin-messages-7.3.4.jar;C:\WINDOWS\system32\config\systemprofile\.m2\repository\io\cucumber\tag-expressions\4.1.0\tag-expressions-4.1.0.jar;C:\WINDOWS\system32\config\systemprofile\.m2\repository\io\cucumber\cucumber-expressions\15.1.1\cucumber-expressions-15.1.1.jar;C:\WINDOWS\system32\config\systemprofile\.m2\repository\io\cucumber\datatable\7.3.4\datatable-7.3.4.jar;C:\WINDOWS\system32\config\systemprofile\.m2\repository\io\cucumber\cucumber-plugin\7.3.4\cucumber-plugin-7.3.4.jar;C:\WINDOWS\system32\config\systemprofile\.m2\repository\io\cucumber\docstring\7.3.4\docstring-7.3.4.jar;C:\WINDOWS\system32\config\systemprofile\.m2\repository\io\cucumber\html-formatter\19.1.0\html-formatter-19.1.0.jar;C:\WINDOWS\system32\config\systemprofile\.m2\repository\io\cucumber\ci-environment\9.0.4\ci-environment-9.0.4.jar;C:\WINDOWS\system32\config\systemprofile\.m2\repository\org\apiguardian\apiguardian-api\1.1.2\apiguardian-api-1.1.2.jar;C:\WINDOWS\system32\config\systemprofile\.m2\repository\io\cucumber\cucumber-junit\7.0.0\cucumber-junit-7.0.0.jar;C:\WINDOWS\system32\config\systemprofile\.m2\repository\io\cucumber\cucumber-jvm-deps\1.0.6\cucumber-jvm-deps-1.0.6.jar;C:\WINDOWS\system32\config\systemprofile\.m2\repository\net\masterthought\cucumber-reporting\5.7.1\cucumber-reporting-5.7.1.jar;C:\WINDOWS\system32\config\systemprofile\.m2\repository\com\fasterxml\jackson\core\jackson-databind\2.13.2.2\jackson-databind-2.13.2.2.jar;C:\WINDOWS\system32\config\systemprofile\.m2\repository\com\fasterxml\jackson\core\jackson-annotations\2.13.2\jackson-annotations-2.13.2.jar;C:\WINDOWS\system32\config\systemprofile\.m2\repository\com\fasterxml\jackson\core\jackson-core\2.13.2\jackson-core-2.13.2.jar;C:\WINDOWS\system32\config\systemprofile\.m2\repository\com\fasterxml\jackson\datatype\jackson-datatype-jsr310\2.13.2\jackson-datatype-jsr310-2.13.2.jar;C:\WINDOWS\system32\config\systemprofile\.m2\repository\org\apache\velocity\velocity-engine-core\2.3\velocity-engine-core-2.3.jar;C:\WINDOWS\system32\config\systemprofile\.m2\repository\commons-collections\commons-collections\3.2.2\commons-collections-3.2.2.jar;C:\WINDOWS\system32\config\systemprofile\.m2\repository\joda-time\joda-time\2.10.14\joda-time-2.10.14.jar;C:\WINDOWS\system32\config\systemprofile\.m2\repository\org\codehaus\plexus\plexus-utils\3.4.2\plexus-utils-3.4.2.jar;C:\WINDOWS\system32\config\systemprofile\.m2\repository\org\jsoup\jsoup\1.15.1\jsoup-1.15.1.jar;C:\WINDOWS\system32\config\systemprofile\.m2\repository\com\google\guava\guava\31.1-jre\guava-31.1-jre.jar;C:\WINDOWS\system32\config\systemprofile\.m2\repository\com\google\guava\failureaccess\1.0.1\failureaccess-1.0.1.jar;C:\WINDOWS\system32\config\systemprofile\.m2\repository\com\google\guava\listenablefuture\9999.0-empty-to-avoid-conflict-with-guava\listenablefuture-9999.0-empty-to-avoid-conflict-with-guava.jar;C:\WINDOWS\system32\config\systemprofile\.m2\repository\com\google\code\findbugs\jsr305\3.0.2\jsr305-3.0.2.jar;C:\WINDOWS\system32\config\systemprofile\.m2\repository\org\checkerframework\checker-qual\3.12.0\checker-qual-3.12.0.jar;C:\WINDOWS\system32\config\systemprofile\.m2\repository\com\google\errorprone\error_prone_annotations\2.11.0\error_prone_annotations-2.11.0.jar;C:\WINDOWS\system32\config\systemprofile\.m2\repository\com\google\j2objc\j2objc-annotations\1.3\j2objc-annotations-1.3.jar;C:\WINDOWS\system32\config\systemprofile\.m2\repository\com\googlecode\owasp-java-html-sanitizer\owasp-java-html-sanitizer\20211018.2\owasp-java-html-sanitizer-20211018.2.jar;C:\WINDOWS\system32\config\systemprofile\.m2\repository\commons-configuration\commons-configuration\1.10\commons-configuration-1.10.jar;C:\WINDOWS\system32\config\systemprofile\.m2\repository\commons-lang\commons-lang\2.6\commons-lang-2.6.jar;C:\WINDOWS\system32\config\systemprofile\.m2\repository\commons-logging\commons-logging\1.1.1\commons-logging-1.1.1.jar;C:\WINDOWS\system32\config\systemprofile\.m2\repository\org\hamcrest\hamcrest-core\2.2\hamcrest-core-2.2.jar;C:\WINDOWS\system32\config\systemprofile\.m2\repository\org\hamcrest\hamcrest\2.2\hamcrest-2.2.jar;C:\WINDOWS\system32\config\systemprofile\.m2\repository\io\cucumber\gherkin\23.0.1\gherkin-23.0.1.jar;C:\WINDOWS\system32\config\systemprofile\.m2\repository\io\cucumber\messages\18.0.0\messages-18.0.0.jar;C:\WINDOWS\system32\config\systemprofile\.m2\repository\org\seleniumhq\selenium\selenium-java\3.141.59\selenium-java-3.141.59.jar;C:\WINDOWS\system32\config\systemprofile\.m2\repository\org\seleniumhq\selenium\selenium-api\3.141.59\selenium-api-3.141.59.jar;C:\WINDOWS\system32\config\systemprofile\.m2\repository\org\seleniumhq\selenium\selenium-chrome-driver\3.141.59\selenium-chrome-driver-3.141.59.jar;C:\WINDOWS\system32\config\systemprofile\.m2\repository\org\seleniumhq\selenium\selenium-edge-driver\3.141.59\selenium-edge-driver-3.141.59.jar;C:\WINDOWS\system32\config\systemprofile\.m2\repository\org\seleniumhq\selenium\selenium-firefox-driver\3.141.59\selenium-firefox-driver-3.141.59.jar;C:\WINDOWS\system32\config\systemprofile\.m2\repository\org\seleniumhq\selenium\selenium-ie-driver\3.141.59\selenium-ie-driver-3.141.59.jar;C:\WINDOWS\system32\config\systemprofile\.m2\repository\org\seleniumhq\selenium\selenium-opera-driver\3.141.59\selenium-opera-driver-3.141.59.jar;C:\WINDOWS\system32\config\systemprofile\.m2\repository\org\seleniumhq\selenium\selenium-remote-driver\3.141.59\selenium-remote-driver-3.141.59.jar;C:\WINDOWS\system32\config\systemprofile\.m2\repository\org\seleniumhq\selenium\selenium-safari-driver\3.141.59\selenium-safari-driver-3.141.59.jar;C:\WINDOWS\system32\config\systemprofile\.m2\repository\org\seleniumhq\selenium\selenium-support\3.141.59\selenium-support-3.141.59.jar;C:\WINDOWS\system32\config\systemprofile\.m2\repository\net\bytebuddy\byte-buddy\1.8.15\byte-buddy-1.8.15.jar;C:\WINDOWS\system32\config\systemprofile\.m2\repository\org\apache\commons\commons-exec\1.3\commons-exec-1.3.jar;C:\WINDOWS\system32\config\systemprofile\.m2\repository\com\squareup\okhttp3\okhttp\3.11.0\okhttp-3.11.0.jar;C:\WINDOWS\system32\config\systemprofile\.m2\repository\com\squareup\okio\okio\1.14.0\okio-1.14.0.jar;C:\WINDOWS\system32\config\systemprofile\.m2\repository\io\github\bonigarcia\webdrivermanager\5.6.3\webdrivermanager-5.6.3.jar;C:\WINDOWS\system32\config\systemprofile\.m2\repository\com\google\code\gson\gson\2.10.1\gson-2.10.1.jar;C:\WINDOWS\system32\config\systemprofile\.m2\repository\com\github\docker-java\docker-java\3.3.4\docker-java-3.3.4.jar;C:\WINDOWS\system32\config\systemprofile\.m2\repository\com\github\docker-java\docker-java-core\3.3.4\docker-java-core-3.3.4.jar;C:\WINDOWS\system32\config\systemprofile\.m2\repository\com\github\docker-java\docker-java-api\3.3.4\docker-java-api-3.3.4.jar;C:\WINDOWS\system32\config\systemprofile\.m2\repository\org\bouncycastle\bcpkix-jdk18on\1.76\bcpkix-jdk18on-1.76.jar;C:\WINDOWS\system32\config\systemprofile\.m2\repository\org\bouncycastle\bcprov-jdk18on\1.76\bcprov-jdk18on-1.76.jar;C:\WINDOWS\system32\config\systemprofile\.m2\repository\org\bouncycastle\bcutil-jdk18on\1.76\bcutil-jdk18on-1.76.jar;C:\WINDOWS\system32\config\systemprofile\.m2\repository\org\slf4j\jcl-over-slf4j\1.7.30\jcl-over-slf4j-1.7.30.jar;C:\WINDOWS\system32\config\systemprofile\.m2\repository\com\github\docker-java\docker-java-transport-httpclient5\3.3.4\docker-java-transport-httpclient5-3.3.4.jar;C:\WINDOWS\system32\config\systemprofile\.m2\repository\com\github\docker-java\docker-java-transport\3.3.4\docker-java-transport-3.3.4.jar;C:\WINDOWS\system32\config\systemprofile\.m2\repository\net\java\dev\jna\jna\5.13.0\jna-5.13.0.jar;C:\WINDOWS\system32\config\systemprofile\.m2\repository\org\brotli\dec\0.1.2\dec-0.1.2.jar;C:\WINDOWS\system32\config\systemprofile\.m2\repository\org\apache\commons\commons-compress\1.25.0\commons-compress-1.25.0.jar;C:\WINDOWS\system32\config\systemprofile\.m2\repository\org\apache\httpcomponents\client5\httpclient5\5.2.1\httpclient5-5.2.1.jar;C:\WINDOWS\system32\config\systemprofile\.m2\repository\org\apache\httpcomponents\core5\httpcore5\5.2\httpcore5-5.2.jar;C:\WINDOWS\system32\config\systemprofile\.m2\repository\org\apache\httpcomponents\core5\httpcore5-h2\5.2\httpcore5-h2-5.2.jar;C:\Program Files\Java\jdk-17\lib\tools-1.5.0.jar;C:\WINDOWS\system32\config\systemprofile\.m2\repository\commons-io\commons-io\2.11.0\commons-io-2.11.0.jar;C:\WINDOWS\system32\config\systemprofile\.m2\repository\org\apache\logging\log4j\log4j-core\2.17.2\log4j-core-2.17.2.jar;C:\WINDOWS\system32\config\systemprofile\.m2\repository\org\apache\logging\log4j\log4j-api\2.17.2\log4j-api-2.17.2.jar;C:\WINDOWS\system32\config\systemprofile\.m2\repository\org\testng\testng\7.4.0\testng-7.4.0.jar;C:\WINDOWS\system32\config\systemprofile\.m2\repository\com\beust\jcommander\1.78\jcommander-1.78.jar;C:\WINDOWS\system32\config\systemprofile\.m2\repository\org\webjars\jquery\3.5.1\jquery-3.5.1.jar;C:\WINDOWS\system32\config\systemprofile\.m2\repository\io\cucumber\cucumber-testng\7.3.4\cucumber-testng-7.3.4.jar;"/>
    <property name="java.vm.vendor" value="Oracle Corporation"/>
    <property name="sun.arch.data.model" value="64"/>
    <property name="user.variant" value=""/>
    <property name="java.vendor.url" value="https://java.oracle.com/"/>
    <property name="user.timezone" value="Asia/Calcutta"/>
    <property name="os.name" value="Windows 11"/>
    <property name="java.vm.specification.version" value="17"/>
    <property name="sun.java.launcher" value="SUN_STANDARD"/>
    <property name="user.country" value="IN"/>
    <property name="sun.boot.library.path" value="C:\Program Files\Java\jdk-17\bin"/>
    <property name="sun.java.command" value="C:\Windows\Temp\surefire2619142883520723254\surefirebooter-20240314173655751_3.jar C:\Windows\Temp\surefire2619142883520723254 2024-03-14T17-36-54_320-jvmRun1 surefire-20240314173655751_1tmp surefire_0-20240314173655751_2tmp"/>
    <property name="jdk.debug" value="release"/>
    <property name="surefire.test.class.path" value="D:\ak\CucumberFramework\target\test-classes;D:\ak\CucumberFramework\target\classes;C:\WINDOWS\system32\config\systemprofile\.m2\repository\junit\junit\4.13.2\junit-4.13.2.jar;C:\WINDOWS\system32\config\systemprofile\.m2\repository\io\cucumber\cucumber-html\0.2.7\cucumber-html-0.2.7.jar;C:\WINDOWS\system32\config\systemprofile\.m2\repository\net\sourceforge\cobertura\cobertura\2.1.1\cobertura-2.1.1.jar;C:\WINDOWS\system32\config\systemprofile\.m2\repository\org\ow2\asm\asm\5.0.1\asm-5.0.1.jar;C:\WINDOWS\system32\config\systemprofile\.m2\repository\org\ow2\asm\asm-tree\5.0.1\asm-tree-5.0.1.jar;C:\WINDOWS\system32\config\systemprofile\.m2\repository\org\ow2\asm\asm-commons\5.0.1\asm-commons-5.0.1.jar;C:\WINDOWS\system32\config\systemprofile\.m2\repository\org\ow2\asm\asm-util\5.0.1\asm-util-5.0.1.jar;C:\WINDOWS\system32\config\systemprofile\.m2\repository\org\ow2\asm\asm-analysis\5.0.1\asm-analysis-5.0.1.jar;C:\WINDOWS\system32\config\systemprofile\.m2\repository\oro\oro\2.0.8\oro-2.0.8.jar;C:\WINDOWS\system32\config\systemprofile\.m2\repository\jaxen\jaxen\1.1.4\jaxen-1.1.4.jar;C:\WINDOWS\system32\config\systemprofile\.m2\repository\org\apache\ant\ant\1.8.3\ant-1.8.3.jar;C:\WINDOWS\system32\config\systemprofile\.m2\repository\org\apache\ant\ant-launcher\1.8.3\ant-launcher-1.8.3.jar;C:\WINDOWS\system32\config\systemprofile\.m2\repository\org\apache\ant\ant-junit\1.8.3\ant-junit-1.8.3.jar;C:\WINDOWS\system32\config\systemprofile\.m2\repository\org\mortbay\jetty\servlet-api-2.5\6.1.14\servlet-api-2.5-6.1.14.jar;C:\WINDOWS\system32\config\systemprofile\.m2\repository\org\mortbay\jetty\jetty\6.1.14\jetty-6.1.14.jar;C:\WINDOWS\system32\config\systemprofile\.m2\repository\org\mortbay\jetty\jetty-util\6.1.14\jetty-util-6.1.14.jar;C:\WINDOWS\system32\config\systemprofile\.m2\repository\org\slf4j\slf4j-api\1.7.5\slf4j-api-1.7.5.jar;C:\WINDOWS\system32\config\systemprofile\.m2\repository\ch\qos\logback\logback-classic\1.0.13\logback-classic-1.0.13.jar;C:\WINDOWS\system32\config\systemprofile\.m2\repository\ch\qos\logback\logback-core\1.0.13\logback-core-1.0.13.jar;C:\WINDOWS\system32\config\systemprofile\.m2\repository\org\apache\commons\commons-lang3\3.3.2\commons-lang3-3.3.2.jar;C:\WINDOWS\system32\config\systemprofile\.m2\repository\io\cucumber\cucumber-java\7.3.4\cucumber-java-7.3.4.jar;C:\WINDOWS\system32\config\systemprofile\.m2\repository\io\cucumber\cucumber-core\7.3.4\cucumber-core-7.3.4.jar;C:\WINDOWS\system32\config\systemprofile\.m2\repository\io\cucumber\cucumber-gherkin\7.3.4\cucumber-gherkin-7.3.4.jar;C:\WINDOWS\system32\config\systemprofile\.m2\repository\io\cucumber\cucumber-gherkin-messages\7.3.4\cucumber-gherkin-messages-7.3.4.jar;C:\WINDOWS\system32\config\systemprofile\.m2\repository\io\cucumber\tag-expressions\4.1.0\tag-expressions-4.1.0.jar;C:\WINDOWS\system32\config\systemprofile\.m2\repository\io\cucumber\cucumber-expressions\15.1.1\cucumber-expressions-15.1.1.jar;C:\WINDOWS\system32\config\systemprofile\.m2\repository\io\cucumber\datatable\7.3.4\datatable-7.3.4.jar;C:\WINDOWS\system32\config\systemprofile\.m2\repository\io\cucumber\cucumber-plugin\7.3.4\cucumber-plugin-7.3.4.jar;C:\WINDOWS\system32\config\systemprofile\.m2\repository\io\cucumber\docstring\7.3.4\docstring-7.3.4.jar;C:\WINDOWS\system32\config\systemprofile\.m2\repository\io\cucumber\html-formatter\19.1.0\html-formatter-19.1.0.jar;C:\WINDOWS\system32\config\systemprofile\.m2\repository\io\cucumber\ci-environment\9.0.4\ci-environment-9.0.4.jar;C:\WINDOWS\system32\config\systemprofile\.m2\repository\org\apiguardian\apiguardian-api\1.1.2\apiguardian-api-1.1.2.jar;C:\WINDOWS\system32\config\systemprofile\.m2\repository\io\cucumber\cucumber-junit\7.0.0\cucumber-junit-7.0.0.jar;C:\WINDOWS\system32\config\systemprofile\.m2\repository\io\cucumber\cucumber-jvm-deps\1.0.6\cucumber-jvm-deps-1.0.6.jar;C:\WINDOWS\system32\config\systemprofile\.m2\repository\net\masterthought\cucumber-reporting\5.7.1\cucumber-reporting-5.7.1.jar;C:\WINDOWS\system32\config\systemprofile\.m2\repository\com\fasterxml\jackson\core\jackson-databind\2.13.2.2\jackson-databind-2.13.2.2.jar;C:\WINDOWS\system32\config\systemprofile\.m2\repository\com\fasterxml\jackson\core\jackson-annotations\2.13.2\jackson-annotations-2.13.2.jar;C:\WINDOWS\system32\config\systemprofile\.m2\repository\com\fasterxml\jackson\core\jackson-core\2.13.2\jackson-core-2.13.2.jar;C:\WINDOWS\system32\config\systemprofile\.m2\repository\com\fasterxml\jackson\datatype\jackson-datatype-jsr310\2.13.2\jackson-datatype-jsr310-2.13.2.jar;C:\WINDOWS\system32\config\systemprofile\.m2\repository\org\apache\velocity\velocity-engine-core\2.3\velocity-engine-core-2.3.jar;C:\WINDOWS\system32\config\systemprofile\.m2\repository\commons-collections\commons-collections\3.2.2\commons-collections-3.2.2.jar;C:\WINDOWS\system32\config\systemprofile\.m2\repository\joda-time\joda-time\2.10.14\joda-time-2.10.14.jar;C:\WINDOWS\system32\config\systemprofile\.m2\repository\org\codehaus\plexus\plexus-utils\3.4.2\plexus-utils-3.4.2.jar;C:\WINDOWS\system32\config\systemprofile\.m2\repository\org\jsoup\jsoup\1.15.1\jsoup-1.15.1.jar;C:\WINDOWS\system32\config\systemprofile\.m2\repository\com\google\guava\guava\31.1-jre\guava-31.1-jre.jar;C:\WINDOWS\system32\config\systemprofile\.m2\repository\com\google\guava\failureaccess\1.0.1\failureaccess-1.0.1.jar;C:\WINDOWS\system32\config\systemprofile\.m2\repository\com\google\guava\listenablefuture\9999.0-empty-to-avoid-conflict-with-guava\listenablefuture-9999.0-empty-to-avoid-conflict-with-guava.jar;C:\WINDOWS\system32\config\systemprofile\.m2\repository\com\google\code\findbugs\jsr305\3.0.2\jsr305-3.0.2.jar;C:\WINDOWS\system32\config\systemprofile\.m2\repository\org\checkerframework\checker-qual\3.12.0\checker-qual-3.12.0.jar;C:\WINDOWS\system32\config\systemprofile\.m2\repository\com\google\errorprone\error_prone_annotations\2.11.0\error_prone_annotations-2.11.0.jar;C:\WINDOWS\system32\config\systemprofile\.m2\repository\com\google\j2objc\j2objc-annotations\1.3\j2objc-annotations-1.3.jar;C:\WINDOWS\system32\config\systemprofile\.m2\repository\com\googlecode\owasp-java-html-sanitizer\owasp-java-html-sanitizer\20211018.2\owasp-java-html-sanitizer-20211018.2.jar;C:\WINDOWS\system32\config\systemprofile\.m2\repository\commons-configuration\commons-configuration\1.10\commons-configuration-1.10.jar;C:\WINDOWS\system32\config\systemprofile\.m2\repository\commons-lang\commons-lang\2.6\commons-lang-2.6.jar;C:\WINDOWS\system32\config\systemprofile\.m2\repository\commons-logging\commons-logging\1.1.1\commons-logging-1.1.1.jar;C:\WINDOWS\system32\config\systemprofile\.m2\repository\org\hamcrest\hamcrest-core\2.2\hamcrest-core-2.2.jar;C:\WINDOWS\system32\config\systemprofile\.m2\repository\org\hamcrest\hamcrest\2.2\hamcrest-2.2.jar;C:\WINDOWS\system32\config\systemprofile\.m2\repository\io\cucumber\gherkin\23.0.1\gherkin-23.0.1.jar;C:\WINDOWS\system32\config\systemprofile\.m2\repository\io\cucumber\messages\18.0.0\messages-18.0.0.jar;C:\WINDOWS\system32\config\systemprofile\.m2\repository\org\seleniumhq\selenium\selenium-java\3.141.59\selenium-java-3.141.59.jar;C:\WINDOWS\system32\config\systemprofile\.m2\repository\org\seleniumhq\selenium\selenium-api\3.141.59\selenium-api-3.141.59.jar;C:\WINDOWS\system32\config\systemprofile\.m2\repository\org\seleniumhq\selenium\selenium-chrome-driver\3.141.59\selenium-chrome-driver-3.141.59.jar;C:\WINDOWS\system32\config\systemprofile\.m2\repository\org\seleniumhq\selenium\selenium-edge-driver\3.141.59\selenium-edge-driver-3.141.59.jar;C:\WINDOWS\system32\config\systemprofile\.m2\repository\org\seleniumhq\selenium\selenium-firefox-driver\3.141.59\selenium-firefox-driver-3.141.59.jar;C:\WINDOWS\system32\config\systemprofile\.m2\repository\org\seleniumhq\selenium\selenium-ie-driver\3.141.59\selenium-ie-driver-3.141.59.jar;C:\WINDOWS\system32\config\systemprofile\.m2\repository\org\seleniumhq\selenium\selenium-opera-driver\3.141.59\selenium-opera-driver-3.141.59.jar;C:\WINDOWS\system32\config\systemprofile\.m2\repository\org\seleniumhq\selenium\selenium-remote-driver\3.141.59\selenium-remote-driver-3.141.59.jar;C:\WINDOWS\system32\config\systemprofile\.m2\repository\org\seleniumhq\selenium\selenium-safari-driver\3.141.59\selenium-safari-driver-3.141.59.jar;C:\WINDOWS\system32\config\systemprofile\.m2\repository\org\seleniumhq\selenium\selenium-support\3.141.59\selenium-support-3.141.59.jar;C:\WINDOWS\system32\config\systemprofile\.m2\repository\net\bytebuddy\byte-buddy\1.8.15\byte-buddy-1.8.15.jar;C:\WINDOWS\system32\config\systemprofile\.m2\repository\org\apache\commons\commons-exec\1.3\commons-exec-1.3.jar;C:\WINDOWS\system32\config\systemprofile\.m2\repository\com\squareup\okhttp3\okhttp\3.11.0\okhttp-3.11.0.jar;C:\WINDOWS\system32\config\systemprofile\.m2\repository\com\squareup\okio\okio\1.14.0\okio-1.14.0.jar;C:\WINDOWS\system32\config\systemprofile\.m2\repository\io\github\bonigarcia\webdrivermanager\5.6.3\webdrivermanager-5.6.3.jar;C:\WINDOWS\system32\config\systemprofile\.m2\repository\com\google\code\gson\gson\2.10.1\gson-2.10.1.jar;C:\WINDOWS\system32\config\systemprofile\.m2\repository\com\github\docker-java\docker-java\3.3.4\docker-java-3.3.4.jar;C:\WINDOWS\system32\config\systemprofile\.m2\repository\com\github\docker-java\docker-java-core\3.3.4\docker-java-core-3.3.4.jar;C:\WINDOWS\system32\config\systemprofile\.m2\repository\com\github\docker-java\docker-java-api\3.3.4\docker-java-api-3.3.4.jar;C:\WINDOWS\system32\config\systemprofile\.m2\repository\org\bouncycastle\bcpkix-jdk18on\1.76\bcpkix-jdk18on-1.76.jar;C:\WINDOWS\system32\config\systemprofile\.m2\repository\org\bouncycastle\bcprov-jdk18on\1.76\bcprov-jdk18on-1.76.jar;C:\WINDOWS\system32\config\systemprofile\.m2\repository\org\bouncycastle\bcutil-jdk18on\1.76\bcutil-jdk18on-1.76.jar;C:\WINDOWS\system32\config\systemprofile\.m2\repository\org\slf4j\jcl-over-slf4j\1.7.30\jcl-over-slf4j-1.7.30.jar;C:\WINDOWS\system32\config\systemprofile\.m2\repository\com\github\docker-java\docker-java-transport-httpclient5\3.3.4\docker-java-transport-httpclient5-3.3.4.jar;C:\WINDOWS\system32\config\systemprofile\.m2\repository\com\github\docker-java\docker-java-transport\3.3.4\docker-java-transport-3.3.4.jar;C:\WINDOWS\system32\config\systemprofile\.m2\repository\net\java\dev\jna\jna\5.13.0\jna-5.13.0.jar;C:\WINDOWS\system32\config\systemprofile\.m2\repository\org\brotli\dec\0.1.2\dec-0.1.2.jar;C:\WINDOWS\system32\config\systemprofile\.m2\repository\org\apache\commons\commons-compress\1.25.0\commons-compress-1.25.0.jar;C:\WINDOWS\system32\config\systemprofile\.m2\repository\org\apache\httpcomponents\client5\httpclient5\5.2.1\httpclient5-5.2.1.jar;C:\WINDOWS\system32\config\systemprofile\.m2\repository\org\apache\httpcomponents\core5\httpcore5\5.2\httpcore5-5.2.jar;C:\WINDOWS\system32\config\systemprofile\.m2\repository\org\apache\httpcomponents\core5\httpcore5-h2\5.2\httpcore5-h2-5.2.jar;C:\Program Files\Java\jdk-17\lib\tools-1.5.0.jar;C:\WINDOWS\system32\config\systemprofile\.m2\repository\commons-io\commons-io\2.11.0\commons-io-2.11.0.jar;C:\WINDOWS\system32\config\systemprofile\.m2\repository\org\apache\logging\log4j\log4j-core\2.17.2\log4j-core-2.17.2.jar;C:\WINDOWS\system32\config\systemprofile\.m2\repository\org\apache\logging\log4j\log4j-api\2.17.2\log4j-api-2.17.2.jar;C:\WINDOWS\system32\config\systemprofile\.m2\repository\org\testng\testng\7.4.0\testng-7.4.0.jar;C:\WINDOWS\system32\config\systemprofile\.m2\repository\com\beust\jcommander\1.78\jcommander-1.78.jar;C:\WINDOWS\system32\config\systemprofile\.m2\repository\org\webjars\jquery\3.5.1\jquery-3.5.1.jar;C:\WINDOWS\system32\config\systemprofile\.m2\repository\io\cucumber\cucumber-testng\7.3.4\cucumber-testng-7.3.4.jar;"/>
    <property name="sun.cpu.endian" value="little"/>
    <property name="user.home" value="C:\WINDOWS\system32\config\systemprofile"/>
    <property name="user.language" value="en"/>
    <property name="java.specification.vendor" value="Oracle Corporation"/>
    <property name="java.version.date" value="2023-10-17"/>
    <property name="java.home" value="C:\Program Files\Java\jdk-17"/>
    <property name="file.separator" value="\"/>
    <property name="basedir" value="D:\ak\CucumberFramework"/>
    <property name="java.vm.compressedOopsMode" value="32-bit"/>
    <property name="line.separator" value="&#10;"/>
    <property name="java.vm.specification.vendor" value="Oracle Corporation"/>
    <property name="java.specification.name" value="Java Platform API Specification"/>
    <property name="surefire.real.class.path" value="C:\Windows\Temp\surefire2619142883520723254\surefirebooter-20240314173655751_3.jar"/>
    <property name="user.script" value=""/>
    <property name="sun.management.compiler" value="HotSpot 64-Bit Tiered Compilers"/>
    <property name="java.runtime.version" value="17.0.9+11-LTS-201"/>
    <property name="user.name" value="LAPTOP-6LC5AIN3$"/>
    <property name="path.separator" value=";"/>
    <property name="os.version" value="10.0"/>
    <property name="java.runtime.name" value="Java(TM) SE Runtime Environment"/>
    <property name="file.encoding" value="Cp1252"/>
    <property name="java.vm.name" value="Java HotSpot(TM) 64-Bit Server VM"/>
    <property name="localRepository" value="C:\WINDOWS\system32\config\systemprofile\.m2\repository"/>
    <property name="java.vendor.url.bug" value="https://bugreport.java.com/bugreport/"/>
    <property name="java.io.tmpdir" value="C:\WINDOWS\TEMP\"/>
    <property name="java.version" value="17.0.9"/>
    <property name="user.dir" value="D:\ak\CucumberFramework"/>
    <property name="os.arch" value="amd64"/>
    <property name="java.vm.specification.name" value="Java Virtual Machine Specification"/>
    <property name="sun.os.patch.level" value=""/>
    <property name="native.encoding" value="Cp1252"/>
    <property name="java.library.path" value="C:\Program Files\Java\jdk-17\bin;C:\WINDOWS\Sun\Java\bin;C:\WINDOWS\system32;C:\WINDOWS;C:\Users\Akshay\Downloads\mvn\apache-maven-3.9.2/bin;C:\Program Files\Java\jdk-17/bin;C:\Program Files\Java\jdk-17/bin;C:\Program Files\Common Files\Oracle\Java\javapath;C:\WINDOWS\system32;C:\WINDOWS;C:\WINDOWS\System32\Wbem;C:\WINDOWS\System32\WindowsPowerShell\v1.0\;C:\WINDOWS\System32\OpenSSH\;C:\Program Files\Git\cmd;C:\Users\Akshay\AppData\Local\Android\Sdk\tools\bin;C:\Users\Akshay\AppData\Local\Android\Sdk\tools;C:\Program Files\nodejs\node_modules\npm\bin;C:\Users\Akshay\Downloads\mvn\apache-maven-3.9.2\bin;C:\ProgramData\chocolatey\bin;C:\Program Files\Java\jdk-17\bin;C:\Program Files\MySQL\MySQL Server 8.0\bin;C:\Program Files (x86)\nodejs\;C:\WINDOWS\system32\config\systemprofile\AppData\Local\Microsoft\WindowsApps;."/>
    <property name="java.vm.info" value="mixed mode, sharing"/>
    <property name="java.vendor" value="Oracle Corporation"/>
    <property name="java.vm.version" value="17.0.9+11-LTS-201"/>
    <property name="sun.io.unicode.encoding" value="UnicodeLittle"/>
    <property name="java.class.version" value="61.0"/>
  </properties>
</testsuite>